[29-May-2015 12:07:31 UTC] WordPress database error Duplicate key name 'meta_key' for query ALTER TABLE wp_usermeta ADD KEY meta_key (meta_key(191)) made by wp_upgrade, make_db_current_silent, dbDelta
[29-May-2015 12:07:31 UTC] WordPress database error Duplicate key name 'domain' for query ALTER TABLE wp_site ADD KEY domain (domain(140),path(51)) made by wp_upgrade, make_db_current_silent, dbDelta
[29-May-2015 12:07:31 UTC] WordPress database error Duplicate key name 'meta_key' for query ALTER TABLE wp_sitemeta ADD KEY meta_key (meta_key(191)) made by wp_upgrade, make_db_current_silent, dbDelta
[29-May-2015 12:07:31 UTC] WordPress database error Duplicate key name 'domain_path' for query ALTER TABLE wp_signups ADD KEY domain_path (domain(140),path(51)) made by wp_upgrade, make_db_current_silent, dbDelta
[29-May-2015 12:07:34 UTC] WordPress database error Table 'marketsn_wp.wp_sitecategories' doesn't exist for query SHOW FULL COLUMNS FROM `wp_sitecategories` made by wp_upgrade, upgrade_network, maybe_convert_table_to_utf8mb4
[02-Jun-2015 15:21:39 UTC] PHP Fatal error:  Cannot redeclare class WPOA in /Users/jase/Web/BostonIvy/marketsnews.co/wp-content/plugins/_wp-oauth/wp-oauth.php on line 17
[02-Jun-2015 15:21:43 UTC] WordPress database error Table 'wp_markets-news.wp_redirection_items' doesn't exist for query SELECT wp_redirection_items.*,wp_redirection_groups.tracking,wp_redirection_groups.position AS group_pos,wp_redirection_modules.id AS module_id FROM wp_redirection_items INNER JOIN wp_redirection_groups ON wp_redirection_groups.id=wp_redirection_items.group_id AND wp_redirection_groups.status='enabled' INNER JOIN wp_redirection_modules ON wp_redirection_modules.id=wp_redirection_groups.module_id AND wp_redirection_modules.type='wp' WHERE( wp_redirection_items.regex=1 OR wp_redirection_items.url='/wp-cron.php?doing_wp_cron=1433258503.2809669971466064453125') made by require_once('wp-load.php'), require_once('wp-config.php'), require_once('wp-settings.php'), do_action('init'), call_user_func_array, WordPress_Module->init, Red_Item::get_for_url
[02-Jun-2015 15:21:43 UTC] PHP Notice:  Undefined index: tab in /Users/jase/Web/BostonIvy/marketsnews.co/wp-content/plugins/wapp/plugin-initializer.php on line 323
[02-Jun-2015 15:21:43 UTC] WordPress database error Table 'wp_markets-news.wp_redirection_logs' doesn't exist for query SELECT COUNT(*) FROM wp_redirection_logs WHERE created < DATE_SUB(NOW(), INTERVAL 7 DAY) made by do_action_ref_array, call_user_func_array, Redirection->clean_redirection_logs, Red_Flusher->flush, Red_Flusher->expire_logs
[02-Jun-2015 15:21:43 UTC] WordPress database error Table 'wp_markets-news.wp_redirection_404' doesn't exist for query SELECT COUNT(*) FROM wp_redirection_404 WHERE created < DATE_SUB(NOW(), INTERVAL 7 DAY) made by do_action_ref_array, call_user_func_array, Redirection->clean_redirection_logs, Red_Flusher->flush, Red_Flusher->expire_404
[02-Jun-2015 15:21:43 UTC] PHP Notice:  Undefined index: maxperPage in /Users/jase/Web/BostonIvy/marketsnews.co/wp-content/plugins/wp-rss-multi-importer/inc/import_posts.php on line 322
[02-Jun-2015 15:21:43 UTC] PHP Notice:  Undefined variable: filter_arr in /Users/jase/Web/BostonIvy/marketsnews.co/wp-content/plugins/wp-rss-multi-importer/inc/global_settings.php on line 11
[02-Jun-2015 15:21:43 UTC] PHP Notice:  Undefined variable: filter_arr in /Users/jase/Web/BostonIvy/marketsnews.co/wp-content/plugins/wp-rss-multi-importer/inc/global_settings.php on line 11
[02-Jun-2015 15:21:43 UTC] PHP Notice:  Undefined variable: filter_arr in /Users/jase/Web/BostonIvy/marketsnews.co/wp-content/plugins/wp-rss-multi-importer/inc/global_settings.php on line 11
[02-Jun-2015 15:21:43 UTC] PHP Notice:  Undefined variable: filter_arr in /Users/jase/Web/BostonIvy/marketsnews.co/wp-content/plugins/wp-rss-multi-importer/inc/global_settings.php on line 11
[02-Jun-2015 15:21:43 UTC] PHP Notice:  Undefined variable: filter_arr in /Users/jase/Web/BostonIvy/marketsnews.co/wp-content/plugins/wp-rss-multi-importer/inc/global_settings.php on line 11
[02-Jun-2015 15:21:43 UTC] PHP Notice:  Undefined variable: filter_arr in /Users/jase/Web/BostonIvy/marketsnews.co/wp-content/plugins/wp-rss-multi-importer/inc/global_settings.php on line 11
[02-Jun-2015 15:21:43 UTC] PHP Notice:  Undefined variable: filter_arr in /Users/jase/Web/BostonIvy/marketsnews.co/wp-content/plugins/wp-rss-multi-importer/inc/global_settings.php on line 11
[02-Jun-2015 15:21:43 UTC] PHP Notice:  Undefined variable: filter_arr in /Users/jase/Web/BostonIvy/marketsnews.co/wp-content/plugins/wp-rss-multi-importer/inc/global_settings.php on line 11
[02-Jun-2015 15:21:43 UTC] PHP Notice:  Undefined variable: filter_arr in /Users/jase/Web/BostonIvy/marketsnews.co/wp-content/plugins/wp-rss-multi-importer/inc/global_settings.php on line 11
[02-Jun-2015 15:21:43 UTC] PHP Notice:  Undefined variable: filter_arr in /Users/jase/Web/BostonIvy/marketsnews.co/wp-content/plugins/wp-rss-multi-importer/inc/global_settings.php on line 11
[02-Jun-2015 15:21:44 UTC] PHP Notice:  Use of undefined constant JSON_API - assumed 'JSON_API' in /Users/jase/Web/BostonIvy/marketsnews.co/wp-content/plugins/wapp/plugin-initializer.php on line 19
[02-Jun-2015 15:21:44 UTC] PHP Notice:  Undefined index: tab in /Users/jase/Web/BostonIvy/marketsnews.co/wp-content/plugins/wapp/plugin-initializer.php on line 323
[02-Jun-2015 15:21:44 UTC] PHP Notice:  Undefined index: StatPressV_MinPermit in /Users/jase/Web/BostonIvy/marketsnews.co/wp-content/plugins/statpress-visitors/admin/luc_admin.php on line 74
[02-Jun-2015 15:21:44 UTC] PHP Notice:  Undefined index: saveit in /Users/jase/Web/BostonIvy/marketsnews.co/wp-content/plugins/statpress-visitors/admin/luc_admin.php on line 88
[02-Jun-2015 15:21:44 UTC] PHP Notice:  Undefined index: StatPressV_Hide_Page_Posts_Pages in /Users/jase/Web/BostonIvy/marketsnews.co/wp-content/plugins/statpress-visitors/admin/luc_admin.php on line 104
[02-Jun-2015 15:21:44 UTC] PHP Notice:  Undefined index: StatPressV_Hide_Page_SpyVisitors in /Users/jase/Web/BostonIvy/marketsnews.co/wp-content/plugins/statpress-visitors/admin/luc_admin.php on line 109
[02-Jun-2015 15:21:44 UTC] PHP Notice:  Undefined index: StatPressV_Hide_Page_SpyBot in /Users/jase/Web/BostonIvy/marketsnews.co/wp-content/plugins/statpress-visitors/admin/luc_admin.php on line 114
[02-Jun-2015 15:21:44 UTC] PHP Notice:  Undefined index: StatPressV_Hide_Page_Visitors in /Users/jase/Web/BostonIvy/marketsnews.co/wp-content/plugins/statpress-visitors/admin/luc_admin.php on line 125
[02-Jun-2015 15:21:44 UTC] PHP Notice:  Undefined index: StatPressV_Hide_Page_View in /Users/jase/Web/BostonIvy/marketsnews.co/wp-content/plugins/statpress-visitors/admin/luc_admin.php on line 130
[02-Jun-2015 15:21:44 UTC] PHP Notice:  Undefined index: StatPressV_Hide_Page_Feeds in /Users/jase/Web/BostonIvy/marketsnews.co/wp-content/plugins/statpress-visitors/admin/luc_admin.php on line 135
[02-Jun-2015 15:21:44 UTC] PHP Notice:  Undefined index: StatPressV_Hide_Page_Referrer in /Users/jase/Web/BostonIvy/marketsnews.co/wp-content/plugins/statpress-visitors/admin/luc_admin.php on line 140
[02-Jun-2015 15:21:44 UTC] PHP Notice:  Undefined index: StatPressV_Hide_Page_Stats in /Users/jase/Web/BostonIvy/marketsnews.co/wp-content/plugins/statpress-visitors/admin/luc_admin.php on line 145
[02-Jun-2015 15:21:44 UTC] PHP Notice:  Undefined index: StatPressV_Hide_Page_Update in /Users/jase/Web/BostonIvy/marketsnews.co/wp-content/plugins/statpress-visitors/admin/luc_admin.php on line 150
[02-Jun-2015 15:21:44 UTC] PHP Notice:  Undefined index: StatPressV_MinPermit in /Users/jase/Web/BostonIvy/marketsnews.co/wp-content/plugins/statpress-visitors/admin/luc_admin.php on line 7
[02-Jun-2015 15:21:44 UTC] PHP Notice:  Undefined index: StatPressV_Hide_Page_Posts_Pages in /Users/jase/Web/BostonIvy/marketsnews.co/wp-content/plugins/statpress-visitors/admin/luc_admin.php on line 55
[02-Jun-2015 15:21:44 UTC] PHP Notice:  Trying to get property of non-object in /Users/jase/Web/BostonIvy/marketsnews.co/wp-content/plugins/wordpress-mu-domain-mapping/domain_mapping.php on line 623
[02-Jun-2015 15:21:44 UTC] PHP Notice:  Undefined variable: wp_error in /Users/jase/Web/BostonIvy/marketsnews.co/wp-content/plugins/wp-rss-multi-importer/inc/import_feeds.php on line 97
[02-Jun-2015 15:21:44 UTC] PHP Notice:  Undefined variable: mediaImage in /Users/jase/Web/BostonIvy/marketsnews.co/wp-content/plugins/wp-rss-multi-importer/inc/import_feeds.php on line 157
[02-Jun-2015 15:21:44 UTC] PHP Notice:  Undefined variable: wp_error in /Users/jase/Web/BostonIvy/marketsnews.co/wp-content/plugins/wp-rss-multi-importer/inc/import_feeds.php on line 97
[02-Jun-2015 15:21:44 UTC] PHP Notice:  Undefined variable: mediaImage in /Users/jase/Web/BostonIvy/marketsnews.co/wp-content/plugins/wp-rss-multi-importer/inc/import_feeds.php on line 157
[02-Jun-2015 15:21:44 UTC] PHP Notice:  Undefined variable: feed_cat in /Users/jase/Web/BostonIvy/marketsnews.co/wp-content/plugins/wp-rss-multi-importer/inc/import_feeds.php on line 160
[02-Jun-2015 15:21:44 UTC] PHP Notice:  Undefined variable: rssmi_title in /Users/jase/Web/BostonIvy/marketsnews.co/wp-content/plugins/wp-rss-multi-importer/inc/import_feeds.php on line 161
[02-Jun-2015 15:21:45 UTC] PHP Notice:  Undefined index: WPOA in /Users/jase/Web/BostonIvy/marketsnews.co/wp-content/plugins/wp-oauth/wp-oauth.php on line 546
[02-Jun-2015 15:21:47 UTC] WordPress database error Table 'wp_markets-news.wp_redirection_items' doesn't exist for query SELECT wp_redirection_items.*,wp_redirection_groups.tracking,wp_redirection_groups.position AS group_pos,wp_redirection_modules.id AS module_id FROM wp_redirection_items INNER JOIN wp_redirection_groups ON wp_redirection_groups.id=wp_redirection_items.group_id AND wp_redirection_groups.status='enabled' INNER JOIN wp_redirection_modules ON wp_redirection_modules.id=wp_redirection_groups.module_id AND wp_redirection_modules.type='wp' WHERE( wp_redirection_items.regex=1 OR wp_redirection_items.url='/wp-cron.php?doing_wp_cron=1433258507.2595670223236083984375') made by require_once('wp-load.php'), require_once('wp-config.php'), require_once('wp-settings.php'), do_action('init'), call_user_func_array, WordPress_Module->init, Red_Item::get_for_url
[02-Jun-2015 15:21:47 UTC] WordPress database error Table 'wp_markets-news.wp_redirection_logs' doesn't exist for query SELECT COUNT(*) FROM wp_redirection_logs WHERE created < DATE_SUB(NOW(), INTERVAL 7 DAY) made by do_action_ref_array, call_user_func_array, Redirection->clean_redirection_logs, Red_Flusher->flush, Red_Flusher->expire_logs
[02-Jun-2015 15:21:47 UTC] WordPress database error Table 'wp_markets-news.wp_redirection_404' doesn't exist for query SELECT COUNT(*) FROM wp_redirection_404 WHERE created < DATE_SUB(NOW(), INTERVAL 7 DAY) made by do_action_ref_array, call_user_func_array, Redirection->clean_redirection_logs, Red_Flusher->flush, Red_Flusher->expire_404
[02-Jun-2015 15:21:48 UTC] PHP Fatal error:  Cannot redeclare class WPOA in /Users/jase/Web/BostonIvy/marketsnews.co/wp-content/plugins/_wp-oauth/wp-oauth.php on line 17
[02-Jun-2015 15:21:49 UTC] WordPress database error Table 'wp_markets-news.wp_redirection_items' doesn't exist for query SELECT wp_redirection_items.*,wp_redirection_groups.tracking,wp_redirection_groups.position AS group_pos,wp_redirection_modules.id AS module_id FROM wp_redirection_items INNER JOIN wp_redirection_groups ON wp_redirection_groups.id=wp_redirection_items.group_id AND wp_redirection_groups.status='enabled' INNER JOIN wp_redirection_modules ON wp_redirection_modules.id=wp_redirection_groups.module_id AND wp_redirection_modules.type='wp' WHERE( wp_redirection_items.regex=1 OR wp_redirection_items.url='/wp-cron.php?doing_wp_cron=1433258508.8064639568328857421875') made by require_once('wp-load.php'), require_once('wp-config.php'), require_once('wp-settings.php'), do_action('init'), call_user_func_array, WordPress_Module->init, Red_Item::get_for_url
[02-Jun-2015 15:21:49 UTC] PHP Fatal error:  Cannot redeclare class WPOA in /Users/jase/Web/BostonIvy/marketsnews.co/wp-content/plugins/_wp-oauth/wp-oauth.php on line 17
[02-Jun-2015 15:23:06 UTC] WordPress database error Table 'wp_markets-news.wp_redirection_items' doesn't exist for query SELECT wp_redirection_items.*,wp_redirection_groups.tracking,wp_redirection_groups.position AS group_pos,wp_redirection_modules.id AS module_id FROM wp_redirection_items INNER JOIN wp_redirection_groups ON wp_redirection_groups.id=wp_redirection_items.group_id AND wp_redirection_groups.status='enabled' INNER JOIN wp_redirection_modules ON wp_redirection_modules.id=wp_redirection_groups.module_id AND wp_redirection_modules.type='wp' WHERE( wp_redirection_items.regex=1 OR wp_redirection_items.url='/wp-cron.php?doing_wp_cron=1433258586.2708899974822998046875') made by require_once('wp-load.php'), require_once('wp-config.php'), require_once('wp-settings.php'), do_action('init'), call_user_func_array, WordPress_Module->init, Red_Item::get_for_url
[02-Jun-2015 15:23:06 UTC] WordPress database error Table 'wp_markets-news.wp_redirection_items' doesn't exist for query SELECT wp_redirection_items.*,wp_redirection_groups.tracking,wp_redirection_groups.position AS group_pos,wp_redirection_modules.id AS module_id FROM wp_redirection_items INNER JOIN wp_redirection_groups ON wp_redirection_groups.id=wp_redirection_items.group_id AND wp_redirection_groups.status='enabled' INNER JOIN wp_redirection_modules ON wp_redirection_modules.id=wp_redirection_groups.module_id AND wp_redirection_modules.type='wp' WHERE( wp_redirection_items.regex=1 OR wp_redirection_items.url='/') made by require('wp-blog-header.php'), require_once('wp-load.php'), require_once('wp-config.php'), require_once('wp-settings.php'), do_action('init'), call_user_func_array, WordPress_Module->init, Red_Item::get_for_url
[02-Jun-2015 15:23:09 UTC] WordPress database error Table 'wp_markets-news.wp_redirection_items' doesn't exist for query SELECT wp_redirection_items.*,wp_redirection_groups.tracking,wp_redirection_groups.position AS group_pos,wp_redirection_modules.id AS module_id FROM wp_redirection_items INNER JOIN wp_redirection_groups ON wp_redirection_groups.id=wp_redirection_items.group_id AND wp_redirection_groups.status='enabled' INNER JOIN wp_redirection_modules ON wp_redirection_modules.id=wp_redirection_groups.module_id AND wp_redirection_modules.type='wp' WHERE( wp_redirection_items.regex=1 OR wp_redirection_items.url='/wp-cron.php?doing_wp_cron=1433258589.0843238830566406250000') made by require_once('wp-load.php'), require_once('wp-config.php'), require_once('wp-settings.php'), do_action('init'), call_user_func_array, WordPress_Module->init, Red_Item::get_for_url
[02-Jun-2015 15:23:26 UTC] WordPress database error Table 'wp_markets-news.wp_redirection_items' doesn't exist for query SELECT wp_redirection_items.*,wp_redirection_groups.tracking,wp_redirection_groups.position AS group_pos,wp_redirection_modules.id AS module_id FROM wp_redirection_items INNER JOIN wp_redirection_groups ON wp_redirection_groups.id=wp_redirection_items.group_id AND wp_redirection_groups.status='enabled' INNER JOIN wp_redirection_modules ON wp_redirection_modules.id=wp_redirection_groups.module_id AND wp_redirection_modules.type='wp' WHERE( wp_redirection_items.regex=1 OR wp_redirection_items.url='/wp-cron.php?doing_wp_cron=1433258605.5133569240570068359375') made by require_once('wp-load.php'), require_once('wp-config.php'), require_once('wp-settings.php'), do_action('init'), call_user_func_array, WordPress_Module->init, Red_Item::get_for_url
[02-Jun-2015 15:23:26 UTC] WordPress database error Table 'wp_markets-news.wp_redirection_items' doesn't exist for query SELECT wp_redirection_items.*,wp_redirection_groups.tracking,wp_redirection_groups.position AS group_pos,wp_redirection_modules.id AS module_id FROM wp_redirection_items INNER JOIN wp_redirection_groups ON wp_redirection_groups.id=wp_redirection_items.group_id AND wp_redirection_groups.status='enabled' INNER JOIN wp_redirection_modules ON wp_redirection_modules.id=wp_redirection_groups.module_id AND wp_redirection_modules.type='wp' WHERE( wp_redirection_items.regex=1 OR wp_redirection_items.url='/category/insights/') made by require('wp-blog-header.php'), require_once('wp-load.php'), require_once('wp-config.php'), require_once('wp-settings.php'), do_action('init'), call_user_func_array, WordPress_Module->init, Red_Item::get_for_url
[02-Jun-2015 15:23:29 UTC] WordPress database error Table 'wp_markets-news.wp_redirection_items' doesn't exist for query SELECT wp_redirection_items.*,wp_redirection_groups.tracking,wp_redirection_groups.position AS group_pos,wp_redirection_modules.id AS module_id FROM wp_redirection_items INNER JOIN wp_redirection_groups ON wp_redirection_groups.id=wp_redirection_items.group_id AND wp_redirection_groups.status='enabled' INNER JOIN wp_redirection_modules ON wp_redirection_modules.id=wp_redirection_groups.module_id AND wp_redirection_modules.type='wp' WHERE( wp_redirection_items.regex=1 OR wp_redirection_items.url='/insights/the-news-you-should-have-read-this-week-3/868/') made by require('wp-blog-header.php'), require_once('wp-load.php'), require_once('wp-config.php'), require_once('wp-settings.php'), do_action('init'), call_user_func_array, WordPress_Module->init, Red_Item::get_for_url
[02-Jun-2015 15:23:32 UTC] WordPress database error Table 'wp_markets-news.wp_redirection_items' doesn't exist for query SELECT wp_redirection_items.*,wp_redirection_groups.tracking,wp_redirection_groups.position AS group_pos,wp_redirection_modules.id AS module_id FROM wp_redirection_items INNER JOIN wp_redirection_groups ON wp_redirection_groups.id=wp_redirection_items.group_id AND wp_redirection_groups.status='enabled' INNER JOIN wp_redirection_modules ON wp_redirection_modules.id=wp_redirection_groups.module_id AND wp_redirection_modules.type='wp' WHERE( wp_redirection_items.regex=1 OR wp_redirection_items.url='/insights/the-news-you-should-have-read-this-week-3/868/?relatedposts=1&relatedposts_exclude=undefined') made by require('wp-blog-header.php'), require_once('wp-load.php'), require_once('wp-config.php'), require_once('wp-settings.php'), do_action('init'), call_user_func_array, WordPress_Module->init, Red_Item::get_for_url
[02-Jun-2015 15:23:34 UTC] WordPress database error Table 'wp_markets-news.wp_redirection_items' doesn't exist for query SELECT wp_redirection_items.*,wp_redirection_groups.tracking,wp_redirection_groups.position AS group_pos,wp_redirection_modules.id AS module_id FROM wp_redirection_items INNER JOIN wp_redirection_groups ON wp_redirection_groups.id=wp_redirection_items.group_id AND wp_redirection_groups.status='enabled' INNER JOIN wp_redirection_modules ON wp_redirection_modules.id=wp_redirection_groups.module_id AND wp_redirection_modules.type='wp' WHERE( wp_redirection_items.regex=1 OR wp_redirection_items.url='/') made by require('wp-blog-header.php'), require_once('wp-load.php'), require_once('wp-config.php'), require_once('wp-settings.php'), do_action('init'), call_user_func_array, WordPress_Module->init, Red_Item::get_for_url
[02-Jun-2015 15:26:17 UTC] WordPress database error Table 'wp_markets-news.wp_redirection_items' doesn't exist for query SELECT wp_redirection_items.*,wp_redirection_groups.tracking,wp_redirection_groups.position AS group_pos,wp_redirection_modules.id AS module_id FROM wp_redirection_items INNER JOIN wp_redirection_groups ON wp_redirection_groups.id=wp_redirection_items.group_id AND wp_redirection_groups.status='enabled' INNER JOIN wp_redirection_modules ON wp_redirection_modules.id=wp_redirection_groups.module_id AND wp_redirection_modules.type='wp' WHERE( wp_redirection_items.regex=1 OR wp_redirection_items.url='/') made by require('wp-blog-header.php'), require_once('wp-load.php'), require_once('wp-config.php'), require_once('wp-settings.php'), do_action('init'), call_user_func_array, WordPress_Module->init, Red_Item::get_for_url
[02-Jun-2015 15:31:55 UTC] WordPress database error Table 'wp_markets-news.wp_redirection_items' doesn't exist for query SELECT wp_redirection_items.*,wp_redirection_groups.tracking,wp_redirection_groups.position AS group_pos,wp_redirection_modules.id AS module_id FROM wp_redirection_items INNER JOIN wp_redirection_groups ON wp_redirection_groups.id=wp_redirection_items.group_id AND wp_redirection_groups.status='enabled' INNER JOIN wp_redirection_modules ON wp_redirection_modules.id=wp_redirection_groups.module_id AND wp_redirection_modules.type='wp' WHERE( wp_redirection_items.regex=1 OR wp_redirection_items.url='/wp-cron.php?doing_wp_cron=1433259114.3250041007995605468750') made by require_once('wp-load.php'), require_once('wp-config.php'), require_once('wp-settings.php'), do_action('init'), call_user_func_array, WordPress_Module->init, Red_Item::get_for_url
[02-Jun-2015 15:31:55 UTC] WordPress database error Table 'wp_markets-news.wp_redirection_items' doesn't exist for query SELECT wp_redirection_items.*,wp_redirection_groups.tracking,wp_redirection_groups.position AS group_pos,wp_redirection_modules.id AS module_id FROM wp_redirection_items INNER JOIN wp_redirection_groups ON wp_redirection_groups.id=wp_redirection_items.group_id AND wp_redirection_groups.status='enabled' INNER JOIN wp_redirection_modules ON wp_redirection_modules.id=wp_redirection_groups.module_id AND wp_redirection_modules.type='wp' WHERE( wp_redirection_items.regex=1 OR wp_redirection_items.url='/') made by require('wp-blog-header.php'), require_once('wp-load.php'), require_once('wp-config.php'), require_once('wp-settings.php'), do_action('init'), call_user_func_array, WordPress_Module->init, Red_Item::get_for_url
[02-Jun-2015 15:46:53 UTC] WordPress database error Table 'wp_markets-news.wp_redirection_items' doesn't exist for query SELECT wp_redirection_items.*,wp_redirection_groups.tracking,wp_redirection_groups.position AS group_pos,wp_redirection_modules.id AS module_id FROM wp_redirection_items INNER JOIN wp_redirection_groups ON wp_redirection_groups.id=wp_redirection_items.group_id AND wp_redirection_groups.status='enabled' INNER JOIN wp_redirection_modules ON wp_redirection_modules.id=wp_redirection_groups.module_id AND wp_redirection_modules.type='wp' WHERE( wp_redirection_items.regex=1 OR wp_redirection_items.url='/wp-cron.php?doing_wp_cron=1433260012.8924570083618164062500') made by require_once('wp-load.php'), require_once('wp-config.php'), require_once('wp-settings.php'), do_action('init'), call_user_func_array, WordPress_Module->init, Red_Item::get_for_url
[02-Jun-2015 15:50:46 UTC] WordPress database error Table 'wp_markets-news.wp_redirection_items' doesn't exist for query SELECT wp_redirection_items.*,wp_redirection_groups.tracking,wp_redirection_groups.position AS group_pos,wp_redirection_modules.id AS module_id FROM wp_redirection_items INNER JOIN wp_redirection_groups ON wp_redirection_groups.id=wp_redirection_items.group_id AND wp_redirection_groups.status='enabled' INNER JOIN wp_redirection_modules ON wp_redirection_modules.id=wp_redirection_groups.module_id AND wp_redirection_modules.type='wp' WHERE( wp_redirection_items.regex=1 OR wp_redirection_items.url='/') made by require('wp-blog-header.php'), require_once('wp-load.php'), require_once('wp-config.php'), require_once('wp-settings.php'), do_action('init'), call_user_func_array, WordPress_Module->init, Red_Item::get_for_url
[05-Jun-2015 14:22:29 UTC] PHP Parse error:  syntax error, unexpected '}' in /Users/jase/Web/BostonIvy/marketsnews.co/wp-content/themes/news-bones/page-home.php on line 234
[09-Jun-2015 09:42:30 UTC] PHP Parse error:  syntax error, unexpected end of file in /Users/jase/Web/BostonIvy/marketsnews.co/wp-content/themes/news-bones/page-home.php on line 302
[11-Jun-2015 14:56:47 UTC] PHP Warning:  in_array() expects parameter 3 to be boolean, array given in /Users/jase/Web/BostonIvy/marketsnews.co/wp-content/themes/news-bones/page-home.php on line 236
[11-Jun-2015 14:56:47 UTC] PHP Warning:  in_array() expects parameter 3 to be boolean, array given in /Users/jase/Web/BostonIvy/marketsnews.co/wp-content/themes/news-bones/page-home.php on line 236
[11-Jun-2015 14:56:47 UTC] PHP Warning:  in_array() expects parameter 3 to be boolean, array given in /Users/jase/Web/BostonIvy/marketsnews.co/wp-content/themes/news-bones/page-home.php on line 236
[11-Jun-2015 14:56:47 UTC] PHP Warning:  in_array() expects parameter 3 to be boolean, array given in /Users/jase/Web/BostonIvy/marketsnews.co/wp-content/themes/news-bones/page-home.php on line 236
[11-Jun-2015 14:56:47 UTC] PHP Warning:  in_array() expects parameter 3 to be boolean, array given in /Users/jase/Web/BostonIvy/marketsnews.co/wp-content/themes/news-bones/page-home.php on line 236
[11-Jun-2015 14:56:47 UTC] PHP Warning:  in_array() expects parameter 3 to be boolean, array given in /Users/jase/Web/BostonIvy/marketsnews.co/wp-content/themes/news-bones/page-home.php on line 236
[11-Jun-2015 14:56:47 UTC] PHP Warning:  in_array() expects parameter 3 to be boolean, array given in /Users/jase/Web/BostonIvy/marketsnews.co/wp-content/themes/news-bones/page-home.php on line 236
[11-Jun-2015 14:56:47 UTC] PHP Warning:  in_array() expects parameter 3 to be boolean, array given in /Users/jase/Web/BostonIvy/marketsnews.co/wp-content/themes/news-bones/page-home.php on line 236
[11-Jun-2015 14:56:47 UTC] PHP Warning:  in_array() expects parameter 3 to be boolean, array given in /Users/jase/Web/BostonIvy/marketsnews.co/wp-content/themes/news-bones/page-home.php on line 236
[11-Jun-2015 14:56:47 UTC] PHP Warning:  in_array() expects parameter 3 to be boolean, array given in /Users/jase/Web/BostonIvy/marketsnews.co/wp-content/themes/news-bones/page-home.php on line 236
[11-Jun-2015 14:56:47 UTC] PHP Warning:  in_array() expects parameter 3 to be boolean, array given in /Users/jase/Web/BostonIvy/marketsnews.co/wp-content/themes/news-bones/page-home.php on line 236
[11-Jun-2015 14:56:47 UTC] PHP Warning:  in_array() expects parameter 3 to be boolean, array given in /Users/jase/Web/BostonIvy/marketsnews.co/wp-content/themes/news-bones/page-home.php on line 236
[11-Jun-2015 14:56:47 UTC] PHP Warning:  in_array() expects parameter 3 to be boolean, array given in /Users/jase/Web/BostonIvy/marketsnews.co/wp-content/themes/news-bones/page-home.php on line 236
[11-Jun-2015 14:56:47 UTC] PHP Warning:  in_array() expects parameter 3 to be boolean, array given in /Users/jase/Web/BostonIvy/marketsnews.co/wp-content/themes/news-bones/page-home.php on line 236
[11-Jun-2015 14:56:47 UTC] PHP Warning:  in_array() expects parameter 3 to be boolean, array given in /Users/jase/Web/BostonIvy/marketsnews.co/wp-content/themes/news-bones/page-home.php on line 236
[11-Jun-2015 14:56:47 UTC] PHP Warning:  in_array() expects parameter 3 to be boolean, array given in /Users/jase/Web/BostonIvy/marketsnews.co/wp-content/themes/news-bones/page-home.php on line 236
[11-Jun-2015 14:56:47 UTC] PHP Warning:  in_array() expects parameter 3 to be boolean, array given in /Users/jase/Web/BostonIvy/marketsnews.co/wp-content/themes/news-bones/page-home.php on line 236
[11-Jun-2015 14:56:47 UTC] PHP Warning:  in_array() expects parameter 3 to be boolean, array given in /Users/jase/Web/BostonIvy/marketsnews.co/wp-content/themes/news-bones/page-home.php on line 236
[11-Jun-2015 14:56:47 UTC] PHP Warning:  in_array() expects parameter 3 to be boolean, array given in /Users/jase/Web/BostonIvy/marketsnews.co/wp-content/themes/news-bones/page-home.php on line 236
[11-Jun-2015 14:56:47 UTC] PHP Warning:  in_array() expects parameter 3 to be boolean, array given in /Users/jase/Web/BostonIvy/marketsnews.co/wp-content/themes/news-bones/page-home.php on line 236
[11-Jun-2015 14:56:47 UTC] PHP Warning:  in_array() expects parameter 3 to be boolean, array given in /Users/jase/Web/BostonIvy/marketsnews.co/wp-content/themes/news-bones/page-home.php on line 236
[11-Jun-2015 14:56:47 UTC] PHP Warning:  in_array() expects parameter 3 to be boolean, array given in /Users/jase/Web/BostonIvy/marketsnews.co/wp-content/themes/news-bones/page-home.php on line 236
[11-Jun-2015 14:56:47 UTC] PHP Warning:  in_array() expects parameter 3 to be boolean, array given in /Users/jase/Web/BostonIvy/marketsnews.co/wp-content/themes/news-bones/page-home.php on line 236
[11-Jun-2015 14:56:47 UTC] PHP Warning:  in_array() expects parameter 3 to be boolean, array given in /Users/jase/Web/BostonIvy/marketsnews.co/wp-content/themes/news-bones/page-home.php on line 236
[11-Jun-2015 14:56:49 UTC] PHP Warning:  in_array() expects parameter 3 to be boolean, array given in /Users/jase/Web/BostonIvy/marketsnews.co/wp-content/themes/news-bones/page-home.php on line 236
[11-Jun-2015 14:56:49 UTC] PHP Warning:  in_array() expects parameter 3 to be boolean, array given in /Users/jase/Web/BostonIvy/marketsnews.co/wp-content/themes/news-bones/page-home.php on line 236
[11-Jun-2015 14:56:49 UTC] PHP Warning:  in_array() expects parameter 3 to be boolean, array given in /Users/jase/Web/BostonIvy/marketsnews.co/wp-content/themes/news-bones/page-home.php on line 236
[11-Jun-2015 14:56:49 UTC] PHP Warning:  in_array() expects parameter 3 to be boolean, array given in /Users/jase/Web/BostonIvy/marketsnews.co/wp-content/themes/news-bones/page-home.php on line 236
[11-Jun-2015 14:56:49 UTC] PHP Warning:  in_array() expects parameter 3 to be boolean, array given in /Users/jase/Web/BostonIvy/marketsnews.co/wp-content/themes/news-bones/page-home.php on line 236
[11-Jun-2015 14:56:49 UTC] PHP Warning:  in_array() expects parameter 3 to be boolean, array given in /Users/jase/Web/BostonIvy/marketsnews.co/wp-content/themes/news-bones/page-home.php on line 236
[11-Jun-2015 14:56:49 UTC] PHP Warning:  in_array() expects parameter 3 to be boolean, array given in /Users/jase/Web/BostonIvy/marketsnews.co/wp-content/themes/news-bones/page-home.php on line 236
[11-Jun-2015 14:56:49 UTC] PHP Warning:  in_array() expects parameter 3 to be boolean, array given in /Users/jase/Web/BostonIvy/marketsnews.co/wp-content/themes/news-bones/page-home.php on line 236
[11-Jun-2015 14:56:49 UTC] PHP Warning:  in_array() expects parameter 3 to be boolean, array given in /Users/jase/Web/BostonIvy/marketsnews.co/wp-content/themes/news-bones/page-home.php on line 236
[11-Jun-2015 14:56:49 UTC] PHP Warning:  in_array() expects parameter 3 to be boolean, array given in /Users/jase/Web/BostonIvy/marketsnews.co/wp-content/themes/news-bones/page-home.php on line 236
[11-Jun-2015 14:56:49 UTC] PHP Warning:  in_array() expects parameter 3 to be boolean, array given in /Users/jase/Web/BostonIvy/marketsnews.co/wp-content/themes/news-bones/page-home.php on line 236
[11-Jun-2015 14:56:49 UTC] PHP Warning:  in_array() expects parameter 3 to be boolean, array given in /Users/jase/Web/BostonIvy/marketsnews.co/wp-content/themes/news-bones/page-home.php on line 236
[11-Jun-2015 14:56:49 UTC] PHP Warning:  in_array() expects parameter 3 to be boolean, array given in /Users/jase/Web/BostonIvy/marketsnews.co/wp-content/themes/news-bones/page-home.php on line 236
[11-Jun-2015 14:56:49 UTC] PHP Warning:  in_array() expects parameter 3 to be boolean, array given in /Users/jase/Web/BostonIvy/marketsnews.co/wp-content/themes/news-bones/page-home.php on line 236
[11-Jun-2015 14:56:49 UTC] PHP Warning:  in_array() expects parameter 3 to be boolean, array given in /Users/jase/Web/BostonIvy/marketsnews.co/wp-content/themes/news-bones/page-home.php on line 236
[11-Jun-2015 14:56:49 UTC] PHP Warning:  in_array() expects parameter 3 to be boolean, array given in /Users/jase/Web/BostonIvy/marketsnews.co/wp-content/themes/news-bones/page-home.php on line 236
[11-Jun-2015 14:56:49 UTC] PHP Warning:  in_array() expects parameter 3 to be boolean, array given in /Users/jase/Web/BostonIvy/marketsnews.co/wp-content/themes/news-bones/page-home.php on line 236
[11-Jun-2015 14:56:49 UTC] PHP Warning:  in_array() expects parameter 3 to be boolean, array given in /Users/jase/Web/BostonIvy/marketsnews.co/wp-content/themes/news-bones/page-home.php on line 236
[11-Jun-2015 14:56:49 UTC] PHP Warning:  in_array() expects parameter 3 to be boolean, array given in /Users/jase/Web/BostonIvy/marketsnews.co/wp-content/themes/news-bones/page-home.php on line 236
[11-Jun-2015 14:56:49 UTC] PHP Warning:  in_array() expects parameter 3 to be boolean, array given in /Users/jase/Web/BostonIvy/marketsnews.co/wp-content/themes/news-bones/page-home.php on line 236
[11-Jun-2015 14:56:49 UTC] PHP Warning:  in_array() expects parameter 3 to be boolean, array given in /Users/jase/Web/BostonIvy/marketsnews.co/wp-content/themes/news-bones/page-home.php on line 236
[11-Jun-2015 14:56:49 UTC] PHP Warning:  in_array() expects parameter 3 to be boolean, array given in /Users/jase/Web/BostonIvy/marketsnews.co/wp-content/themes/news-bones/page-home.php on line 236
[11-Jun-2015 14:56:49 UTC] PHP Warning:  in_array() expects parameter 3 to be boolean, array given in /Users/jase/Web/BostonIvy/marketsnews.co/wp-content/themes/news-bones/page-home.php on line 236
[11-Jun-2015 14:56:49 UTC] PHP Warning:  in_array() expects parameter 3 to be boolean, array given in /Users/jase/Web/BostonIvy/marketsnews.co/wp-content/themes/news-bones/page-home.php on line 236
[11-Jun-2015 16:16:11 UTC] PHP Warning:  urlencode() expects parameter 1 to be string, object given in /Users/jase/Web/BostonIvy/marketsnews.co/wp-includes/formatting.php on line 3909
[11-Jun-2015 16:16:11 UTC] PHP Warning:  urlencode() expects parameter 1 to be string, object given in /Users/jase/Web/BostonIvy/marketsnews.co/wp-includes/formatting.php on line 3909
[11-Jun-2015 16:16:11 UTC] PHP Warning:  urlencode() expects parameter 1 to be string, object given in /Users/jase/Web/BostonIvy/marketsnews.co/wp-includes/formatting.php on line 3909
[11-Jun-2015 16:16:11 UTC] PHP Warning:  urlencode() expects parameter 1 to be string, object given in /Users/jase/Web/BostonIvy/marketsnews.co/wp-includes/formatting.php on line 3909
[11-Jun-2015 16:16:11 UTC] PHP Warning:  urlencode() expects parameter 1 to be string, object given in /Users/jase/Web/BostonIvy/marketsnews.co/wp-includes/formatting.php on line 3909
[11-Jun-2015 16:16:11 UTC] PHP Warning:  urlencode() expects parameter 1 to be string, object given in /Users/jase/Web/BostonIvy/marketsnews.co/wp-includes/formatting.php on line 3909
[11-Jun-2015 16:16:11 UTC] PHP Warning:  urlencode() expects parameter 1 to be string, object given in /Users/jase/Web/BostonIvy/marketsnews.co/wp-includes/formatting.php on line 3909
[11-Jun-2015 16:16:11 UTC] PHP Warning:  urlencode() expects parameter 1 to be string, object given in /Users/jase/Web/BostonIvy/marketsnews.co/wp-includes/formatting.php on line 3909
[11-Jun-2015 16:16:11 UTC] PHP Warning:  urlencode() expects parameter 1 to be string, object given in /Users/jase/Web/BostonIvy/marketsnews.co/wp-includes/formatting.php on line 3909
[11-Jun-2015 16:16:11 UTC] PHP Warning:  urlencode() expects parameter 1 to be string, object given in /Users/jase/Web/BostonIvy/marketsnews.co/wp-includes/formatting.php on line 3909
[11-Jun-2015 16:16:11 UTC] PHP Warning:  urlencode() expects parameter 1 to be string, object given in /Users/jase/Web/BostonIvy/marketsnews.co/wp-includes/formatting.php on line 3909
[11-Jun-2015 16:16:11 UTC] PHP Warning:  urlencode() expects parameter 1 to be string, object given in /Users/jase/Web/BostonIvy/marketsnews.co/wp-includes/formatting.php on line 3909
[11-Jun-2015 16:16:11 UTC] PHP Warning:  urlencode() expects parameter 1 to be string, object given in /Users/jase/Web/BostonIvy/marketsnews.co/wp-includes/formatting.php on line 3909
[11-Jun-2015 16:16:11 UTC] PHP Warning:  urlencode() expects parameter 1 to be string, object given in /Users/jase/Web/BostonIvy/marketsnews.co/wp-includes/formatting.php on line 3909
[11-Jun-2015 16:16:11 UTC] PHP Warning:  urlencode() expects parameter 1 to be string, object given in /Users/jase/Web/BostonIvy/marketsnews.co/wp-includes/formatting.php on line 3909
[11-Jun-2015 16:16:11 UTC] PHP Warning:  urlencode() expects parameter 1 to be string, object given in /Users/jase/Web/BostonIvy/marketsnews.co/wp-includes/formatting.php on line 3909
[11-Jun-2015 16:16:11 UTC] PHP Warning:  urlencode() expects parameter 1 to be string, object given in /Users/jase/Web/BostonIvy/marketsnews.co/wp-includes/formatting.php on line 3909
[11-Jun-2015 16:16:11 UTC] PHP Warning:  urlencode() expects parameter 1 to be string, object given in /Users/jase/Web/BostonIvy/marketsnews.co/wp-includes/formatting.php on line 3909
[11-Jun-2015 16:16:11 UTC] PHP Warning:  urlencode() expects parameter 1 to be string, object given in /Users/jase/Web/BostonIvy/marketsnews.co/wp-includes/formatting.php on line 3909
[11-Jun-2015 16:16:11 UTC] PHP Warning:  urlencode() expects parameter 1 to be string, object given in /Users/jase/Web/BostonIvy/marketsnews.co/wp-includes/formatting.php on line 3909
[11-Jun-2015 16:16:12 UTC] PHP Warning:  urlencode() expects parameter 1 to be string, object given in /Users/jase/Web/BostonIvy/marketsnews.co/wp-includes/formatting.php on line 3909
[11-Jun-2015 16:16:12 UTC] PHP Warning:  urlencode() expects parameter 1 to be string, object given in /Users/jase/Web/BostonIvy/marketsnews.co/wp-includes/formatting.php on line 3909
[11-Jun-2015 16:16:12 UTC] PHP Warning:  urlencode() expects parameter 1 to be string, object given in /Users/jase/Web/BostonIvy/marketsnews.co/wp-includes/formatting.php on line 3909
[11-Jun-2015 16:16:12 UTC] PHP Warning:  urlencode() expects parameter 1 to be string, object given in /Users/jase/Web/BostonIvy/marketsnews.co/wp-includes/formatting.php on line 3909
[11-Jun-2015 16:16:12 UTC] PHP Warning:  urlencode() expects parameter 1 to be string, object given in /Users/jase/Web/BostonIvy/marketsnews.co/wp-includes/formatting.php on line 3909
[11-Jun-2015 16:16:12 UTC] PHP Warning:  urlencode() expects parameter 1 to be string, object given in /Users/jase/Web/BostonIvy/marketsnews.co/wp-includes/formatting.php on line 3909
[11-Jun-2015 16:16:12 UTC] PHP Warning:  urlencode() expects parameter 1 to be string, object given in /Users/jase/Web/BostonIvy/marketsnews.co/wp-includes/formatting.php on line 3909
[11-Jun-2015 16:16:12 UTC] PHP Warning:  urlencode() expects parameter 1 to be string, object given in /Users/jase/Web/BostonIvy/marketsnews.co/wp-includes/formatting.php on line 3909
[11-Jun-2015 16:16:12 UTC] PHP Warning:  urlencode() expects parameter 1 to be string, object given in /Users/jase/Web/BostonIvy/marketsnews.co/wp-includes/formatting.php on line 3909
[11-Jun-2015 16:16:12 UTC] PHP Warning:  urlencode() expects parameter 1 to be string, object given in /Users/jase/Web/BostonIvy/marketsnews.co/wp-includes/formatting.php on line 3909
[11-Jun-2015 16:16:12 UTC] PHP Warning:  urlencode() expects parameter 1 to be string, object given in /Users/jase/Web/BostonIvy/marketsnews.co/wp-includes/formatting.php on line 3909
[11-Jun-2015 16:16:12 UTC] PHP Warning:  urlencode() expects parameter 1 to be string, object given in /Users/jase/Web/BostonIvy/marketsnews.co/wp-includes/formatting.php on line 3909
[11-Jun-2015 16:16:12 UTC] PHP Warning:  urlencode() expects parameter 1 to be string, object given in /Users/jase/Web/BostonIvy/marketsnews.co/wp-includes/formatting.php on line 3909
[11-Jun-2015 16:16:12 UTC] PHP Warning:  urlencode() expects parameter 1 to be string, object given in /Users/jase/Web/BostonIvy/marketsnews.co/wp-includes/formatting.php on line 3909
[11-Jun-2015 16:16:12 UTC] PHP Warning:  urlencode() expects parameter 1 to be string, object given in /Users/jase/Web/BostonIvy/marketsnews.co/wp-includes/formatting.php on line 3909
[11-Jun-2015 16:16:12 UTC] PHP Warning:  urlencode() expects parameter 1 to be string, object given in /Users/jase/Web/BostonIvy/marketsnews.co/wp-includes/formatting.php on line 3909
[11-Jun-2015 16:16:12 UTC] PHP Warning:  urlencode() expects parameter 1 to be string, object given in /Users/jase/Web/BostonIvy/marketsnews.co/wp-includes/formatting.php on line 3909
[11-Jun-2015 16:16:12 UTC] PHP Warning:  urlencode() expects parameter 1 to be string, object given in /Users/jase/Web/BostonIvy/marketsnews.co/wp-includes/formatting.php on line 3909
[11-Jun-2015 16:16:12 UTC] PHP Warning:  urlencode() expects parameter 1 to be string, object given in /Users/jase/Web/BostonIvy/marketsnews.co/wp-includes/formatting.php on line 3909
[11-Jun-2015 16:16:12 UTC] PHP Warning:  urlencode() expects parameter 1 to be string, object given in /Users/jase/Web/BostonIvy/marketsnews.co/wp-includes/formatting.php on line 3909
[11-Jun-2015 16:16:49 UTC] PHP Warning:  urlencode() expects parameter 1 to be string, object given in /Users/jase/Web/BostonIvy/marketsnews.co/wp-includes/formatting.php on line 3909
[11-Jun-2015 16:16:49 UTC] PHP Warning:  urlencode() expects parameter 1 to be string, object given in /Users/jase/Web/BostonIvy/marketsnews.co/wp-includes/formatting.php on line 3909
[11-Jun-2015 16:16:49 UTC] PHP Warning:  urlencode() expects parameter 1 to be string, object given in /Users/jase/Web/BostonIvy/marketsnews.co/wp-includes/formatting.php on line 3909
[11-Jun-2015 16:16:49 UTC] PHP Warning:  urlencode() expects parameter 1 to be string, object given in /Users/jase/Web/BostonIvy/marketsnews.co/wp-includes/formatting.php on line 3909
[11-Jun-2015 16:16:49 UTC] PHP Warning:  urlencode() expects parameter 1 to be string, object given in /Users/jase/Web/BostonIvy/marketsnews.co/wp-includes/formatting.php on line 3909
[11-Jun-2015 16:16:49 UTC] PHP Warning:  urlencode() expects parameter 1 to be string, object given in /Users/jase/Web/BostonIvy/marketsnews.co/wp-includes/formatting.php on line 3909
[11-Jun-2015 16:16:49 UTC] PHP Warning:  urlencode() expects parameter 1 to be string, object given in /Users/jase/Web/BostonIvy/marketsnews.co/wp-includes/formatting.php on line 3909
[11-Jun-2015 16:16:49 UTC] PHP Warning:  urlencode() expects parameter 1 to be string, object given in /Users/jase/Web/BostonIvy/marketsnews.co/wp-includes/formatting.php on line 3909
[11-Jun-2015 16:16:49 UTC] PHP Warning:  urlencode() expects parameter 1 to be string, object given in /Users/jase/Web/BostonIvy/marketsnews.co/wp-includes/formatting.php on line 3909
[11-Jun-2015 16:16:49 UTC] PHP Warning:  urlencode() expects parameter 1 to be string, object given in /Users/jase/Web/BostonIvy/marketsnews.co/wp-includes/formatting.php on line 3909
[11-Jun-2015 16:16:49 UTC] PHP Warning:  urlencode() expects parameter 1 to be string, object given in /Users/jase/Web/BostonIvy/marketsnews.co/wp-includes/formatting.php on line 3909
[11-Jun-2015 16:16:49 UTC] PHP Warning:  urlencode() expects parameter 1 to be string, object given in /Users/jase/Web/BostonIvy/marketsnews.co/wp-includes/formatting.php on line 3909
[11-Jun-2015 16:16:49 UTC] PHP Warning:  urlencode() expects parameter 1 to be string, object given in /Users/jase/Web/BostonIvy/marketsnews.co/wp-includes/formatting.php on line 3909
[11-Jun-2015 16:16:49 UTC] PHP Warning:  urlencode() expects parameter 1 to be string, object given in /Users/jase/Web/BostonIvy/marketsnews.co/wp-includes/formatting.php on line 3909
[11-Jun-2015 16:16:49 UTC] PHP Warning:  urlencode() expects parameter 1 to be string, object given in /Users/jase/Web/BostonIvy/marketsnews.co/wp-includes/formatting.php on line 3909
[11-Jun-2015 16:16:49 UTC] PHP Warning:  urlencode() expects parameter 1 to be string, object given in /Users/jase/Web/BostonIvy/marketsnews.co/wp-includes/formatting.php on line 3909
[11-Jun-2015 16:16:49 UTC] PHP Warning:  urlencode() expects parameter 1 to be string, object given in /Users/jase/Web/BostonIvy/marketsnews.co/wp-includes/formatting.php on line 3909
[11-Jun-2015 16:16:49 UTC] PHP Warning:  urlencode() expects parameter 1 to be string, object given in /Users/jase/Web/BostonIvy/marketsnews.co/wp-includes/formatting.php on line 3909
[11-Jun-2015 16:16:49 UTC] PHP Warning:  urlencode() expects parameter 1 to be string, object given in /Users/jase/Web/BostonIvy/marketsnews.co/wp-includes/formatting.php on line 3909
[11-Jun-2015 16:16:49 UTC] PHP Warning:  urlencode() expects parameter 1 to be string, object given in /Users/jase/Web/BostonIvy/marketsnews.co/wp-includes/formatting.php on line 3909
[11-Jun-2015 16:16:50 UTC] PHP Warning:  urlencode() expects parameter 1 to be string, object given in /Users/jase/Web/BostonIvy/marketsnews.co/wp-includes/formatting.php on line 3909
[11-Jun-2015 16:16:50 UTC] PHP Warning:  urlencode() expects parameter 1 to be string, object given in /Users/jase/Web/BostonIvy/marketsnews.co/wp-includes/formatting.php on line 3909
[11-Jun-2015 16:16:50 UTC] PHP Warning:  urlencode() expects parameter 1 to be string, object given in /Users/jase/Web/BostonIvy/marketsnews.co/wp-includes/formatting.php on line 3909
[11-Jun-2015 16:16:50 UTC] PHP Warning:  urlencode() expects parameter 1 to be string, object given in /Users/jase/Web/BostonIvy/marketsnews.co/wp-includes/formatting.php on line 3909
[11-Jun-2015 16:16:50 UTC] PHP Warning:  urlencode() expects parameter 1 to be string, object given in /Users/jase/Web/BostonIvy/marketsnews.co/wp-includes/formatting.php on line 3909
[11-Jun-2015 16:16:50 UTC] PHP Warning:  urlencode() expects parameter 1 to be string, object given in /Users/jase/Web/BostonIvy/marketsnews.co/wp-includes/formatting.php on line 3909
[11-Jun-2015 16:16:50 UTC] PHP Warning:  urlencode() expects parameter 1 to be string, object given in /Users/jase/Web/BostonIvy/marketsnews.co/wp-includes/formatting.php on line 3909
[11-Jun-2015 16:16:50 UTC] PHP Warning:  urlencode() expects parameter 1 to be string, object given in /Users/jase/Web/BostonIvy/marketsnews.co/wp-includes/formatting.php on line 3909
[11-Jun-2015 16:16:50 UTC] PHP Warning:  urlencode() expects parameter 1 to be string, object given in /Users/jase/Web/BostonIvy/marketsnews.co/wp-includes/formatting.php on line 3909
[11-Jun-2015 16:16:50 UTC] PHP Warning:  urlencode() expects parameter 1 to be string, object given in /Users/jase/Web/BostonIvy/marketsnews.co/wp-includes/formatting.php on line 3909
[11-Jun-2015 16:16:50 UTC] PHP Warning:  urlencode() expects parameter 1 to be string, object given in /Users/jase/Web/BostonIvy/marketsnews.co/wp-includes/formatting.php on line 3909
[11-Jun-2015 16:16:50 UTC] PHP Warning:  urlencode() expects parameter 1 to be string, object given in /Users/jase/Web/BostonIvy/marketsnews.co/wp-includes/formatting.php on line 3909
[11-Jun-2015 16:16:50 UTC] PHP Warning:  urlencode() expects parameter 1 to be string, object given in /Users/jase/Web/BostonIvy/marketsnews.co/wp-includes/formatting.php on line 3909
[11-Jun-2015 16:16:50 UTC] PHP Warning:  urlencode() expects parameter 1 to be string, object given in /Users/jase/Web/BostonIvy/marketsnews.co/wp-includes/formatting.php on line 3909
[11-Jun-2015 16:16:50 UTC] PHP Warning:  urlencode() expects parameter 1 to be string, object given in /Users/jase/Web/BostonIvy/marketsnews.co/wp-includes/formatting.php on line 3909
[11-Jun-2015 16:16:50 UTC] PHP Warning:  urlencode() expects parameter 1 to be string, object given in /Users/jase/Web/BostonIvy/marketsnews.co/wp-includes/formatting.php on line 3909
[11-Jun-2015 16:16:50 UTC] PHP Warning:  urlencode() expects parameter 1 to be string, object given in /Users/jase/Web/BostonIvy/marketsnews.co/wp-includes/formatting.php on line 3909
[11-Jun-2015 16:16:50 UTC] PHP Warning:  urlencode() expects parameter 1 to be string, object given in /Users/jase/Web/BostonIvy/marketsnews.co/wp-includes/formatting.php on line 3909
[11-Jun-2015 16:16:50 UTC] PHP Warning:  urlencode() expects parameter 1 to be string, object given in /Users/jase/Web/BostonIvy/marketsnews.co/wp-includes/formatting.php on line 3909
[11-Jun-2015 16:16:50 UTC] PHP Warning:  urlencode() expects parameter 1 to be string, object given in /Users/jase/Web/BostonIvy/marketsnews.co/wp-includes/formatting.php on line 3909
[11-Jun-2015 16:17:44 UTC] PHP Warning:  urlencode() expects parameter 1 to be string, object given in /Users/jase/Web/BostonIvy/marketsnews.co/wp-includes/formatting.php on line 3909
[11-Jun-2015 16:17:44 UTC] PHP Warning:  urlencode() expects parameter 1 to be string, object given in /Users/jase/Web/BostonIvy/marketsnews.co/wp-includes/formatting.php on line 3909
[11-Jun-2015 16:17:44 UTC] PHP Warning:  urlencode() expects parameter 1 to be string, object given in /Users/jase/Web/BostonIvy/marketsnews.co/wp-includes/formatting.php on line 3909
[11-Jun-2015 16:17:44 UTC] PHP Warning:  urlencode() expects parameter 1 to be string, object given in /Users/jase/Web/BostonIvy/marketsnews.co/wp-includes/formatting.php on line 3909
[11-Jun-2015 16:17:44 UTC] PHP Warning:  urlencode() expects parameter 1 to be string, object given in /Users/jase/Web/BostonIvy/marketsnews.co/wp-includes/formatting.php on line 3909
[11-Jun-2015 16:17:44 UTC] PHP Warning:  urlencode() expects parameter 1 to be string, object given in /Users/jase/Web/BostonIvy/marketsnews.co/wp-includes/formatting.php on line 3909
[11-Jun-2015 16:17:44 UTC] PHP Warning:  urlencode() expects parameter 1 to be string, object given in /Users/jase/Web/BostonIvy/marketsnews.co/wp-includes/formatting.php on line 3909
[11-Jun-2015 16:17:45 UTC] PHP Warning:  urlencode() expects parameter 1 to be string, object given in /Users/jase/Web/BostonIvy/marketsnews.co/wp-includes/formatting.php on line 3909
[11-Jun-2015 16:17:45 UTC] PHP Warning:  urlencode() expects parameter 1 to be string, object given in /Users/jase/Web/BostonIvy/marketsnews.co/wp-includes/formatting.php on line 3909
[11-Jun-2015 16:17:45 UTC] PHP Warning:  urlencode() expects parameter 1 to be string, object given in /Users/jase/Web/BostonIvy/marketsnews.co/wp-includes/formatting.php on line 3909
[11-Jun-2015 16:17:45 UTC] PHP Warning:  urlencode() expects parameter 1 to be string, object given in /Users/jase/Web/BostonIvy/marketsnews.co/wp-includes/formatting.php on line 3909
[11-Jun-2015 16:17:45 UTC] PHP Warning:  urlencode() expects parameter 1 to be string, object given in /Users/jase/Web/BostonIvy/marketsnews.co/wp-includes/formatting.php on line 3909
[11-Jun-2015 16:17:45 UTC] PHP Warning:  urlencode() expects parameter 1 to be string, object given in /Users/jase/Web/BostonIvy/marketsnews.co/wp-includes/formatting.php on line 3909
[11-Jun-2015 16:17:45 UTC] PHP Warning:  urlencode() expects parameter 1 to be string, object given in /Users/jase/Web/BostonIvy/marketsnews.co/wp-includes/formatting.php on line 3909
[11-Jun-2015 16:17:45 UTC] PHP Warning:  urlencode() expects parameter 1 to be string, object given in /Users/jase/Web/BostonIvy/marketsnews.co/wp-includes/formatting.php on line 3909
[11-Jun-2015 16:17:45 UTC] PHP Warning:  urlencode() expects parameter 1 to be string, object given in /Users/jase/Web/BostonIvy/marketsnews.co/wp-includes/formatting.php on line 3909
[11-Jun-2015 16:17:45 UTC] PHP Warning:  urlencode() expects parameter 1 to be string, object given in /Users/jase/Web/BostonIvy/marketsnews.co/wp-includes/formatting.php on line 3909
[11-Jun-2015 16:17:45 UTC] PHP Warning:  urlencode() expects parameter 1 to be string, object given in /Users/jase/Web/BostonIvy/marketsnews.co/wp-includes/formatting.php on line 3909
[11-Jun-2015 16:17:45 UTC] PHP Warning:  urlencode() expects parameter 1 to be string, object given in /Users/jase/Web/BostonIvy/marketsnews.co/wp-includes/formatting.php on line 3909
[11-Jun-2015 16:17:45 UTC] PHP Warning:  urlencode() expects parameter 1 to be string, object given in /Users/jase/Web/BostonIvy/marketsnews.co/wp-includes/formatting.php on line 3909
[11-Jun-2015 16:17:46 UTC] PHP Warning:  urlencode() expects parameter 1 to be string, object given in /Users/jase/Web/BostonIvy/marketsnews.co/wp-includes/formatting.php on line 3909
[11-Jun-2015 16:17:46 UTC] PHP Warning:  urlencode() expects parameter 1 to be string, object given in /Users/jase/Web/BostonIvy/marketsnews.co/wp-includes/formatting.php on line 3909
[11-Jun-2015 16:17:46 UTC] PHP Warning:  urlencode() expects parameter 1 to be string, object given in /Users/jase/Web/BostonIvy/marketsnews.co/wp-includes/formatting.php on line 3909
[11-Jun-2015 16:17:46 UTC] PHP Warning:  urlencode() expects parameter 1 to be string, object given in /Users/jase/Web/BostonIvy/marketsnews.co/wp-includes/formatting.php on line 3909
[11-Jun-2015 16:17:46 UTC] PHP Warning:  urlencode() expects parameter 1 to be string, object given in /Users/jase/Web/BostonIvy/marketsnews.co/wp-includes/formatting.php on line 3909
[11-Jun-2015 16:17:46 UTC] PHP Warning:  urlencode() expects parameter 1 to be string, object given in /Users/jase/Web/BostonIvy/marketsnews.co/wp-includes/formatting.php on line 3909
[11-Jun-2015 16:17:46 UTC] PHP Warning:  urlencode() expects parameter 1 to be string, object given in /Users/jase/Web/BostonIvy/marketsnews.co/wp-includes/formatting.php on line 3909
[11-Jun-2015 16:17:46 UTC] PHP Warning:  urlencode() expects parameter 1 to be string, object given in /Users/jase/Web/BostonIvy/marketsnews.co/wp-includes/formatting.php on line 3909
[11-Jun-2015 16:17:46 UTC] PHP Warning:  urlencode() expects parameter 1 to be string, object given in /Users/jase/Web/BostonIvy/marketsnews.co/wp-includes/formatting.php on line 3909
[11-Jun-2015 16:17:46 UTC] PHP Warning:  urlencode() expects parameter 1 to be string, object given in /Users/jase/Web/BostonIvy/marketsnews.co/wp-includes/formatting.php on line 3909
[11-Jun-2015 16:17:46 UTC] PHP Warning:  urlencode() expects parameter 1 to be string, object given in /Users/jase/Web/BostonIvy/marketsnews.co/wp-includes/formatting.php on line 3909
[11-Jun-2015 16:17:46 UTC] PHP Warning:  urlencode() expects parameter 1 to be string, object given in /Users/jase/Web/BostonIvy/marketsnews.co/wp-includes/formatting.php on line 3909
[11-Jun-2015 16:17:46 UTC] PHP Warning:  urlencode() expects parameter 1 to be string, object given in /Users/jase/Web/BostonIvy/marketsnews.co/wp-includes/formatting.php on line 3909
[11-Jun-2015 16:17:46 UTC] PHP Warning:  urlencode() expects parameter 1 to be string, object given in /Users/jase/Web/BostonIvy/marketsnews.co/wp-includes/formatting.php on line 3909
[11-Jun-2015 16:17:46 UTC] PHP Warning:  urlencode() expects parameter 1 to be string, object given in /Users/jase/Web/BostonIvy/marketsnews.co/wp-includes/formatting.php on line 3909
[11-Jun-2015 16:17:46 UTC] PHP Warning:  urlencode() expects parameter 1 to be string, object given in /Users/jase/Web/BostonIvy/marketsnews.co/wp-includes/formatting.php on line 3909
[11-Jun-2015 16:17:46 UTC] PHP Warning:  urlencode() expects parameter 1 to be string, object given in /Users/jase/Web/BostonIvy/marketsnews.co/wp-includes/formatting.php on line 3909
[11-Jun-2015 16:17:46 UTC] PHP Warning:  urlencode() expects parameter 1 to be string, object given in /Users/jase/Web/BostonIvy/marketsnews.co/wp-includes/formatting.php on line 3909
[11-Jun-2015 16:17:46 UTC] PHP Warning:  urlencode() expects parameter 1 to be string, object given in /Users/jase/Web/BostonIvy/marketsnews.co/wp-includes/formatting.php on line 3909
[11-Jun-2015 16:17:46 UTC] PHP Warning:  urlencode() expects parameter 1 to be string, object given in /Users/jase/Web/BostonIvy/marketsnews.co/wp-includes/formatting.php on line 3909
